<?xml version="1.0" encoding="UTF-8"?>
<!-- Generated by org.testng.reporters.JUnitXMLReporter -->
<testsuite hostname="Chetuiwk1317" ignored="13" name="Default test" tests="2" failures="0" timestamp="01 Jun 2017 13:08:55 GMT" time="81.344" errors="0">
  <testcase name="login" time="33.493" classname="reports.DownloadReports"/>
  <testcase name="download_Reports_Finance_GameRevenueReport" time="30.261" classname="reports.DownloadReports"/>
  <testcase name="download_Reports_Finance_JackpotContribution" time="0.0" classname="reports.DownloadReports">
    <ignored/>
  </testcase> <!-- download_Reports_Finance_JackpotContribution -->
  <testcase name="download_Reports_Finance_GrossProfitSportBetting" time="0.0" classname="reports.DownloadReports">
    <ignored/>
  </testcase> <!-- download_Reports_Finance_GrossProfitSportBetting -->
  <testcase name="download_Reports_Finance_InternalNetProfit" time="0.0" classname="reports.DownloadReports">
    <ignored/>
  </testcase> <!-- download_Reports_Finance_InternalNetProfit -->
  <testcase name="download_Reports_Finance_NetProfitCasino" time="0.0" classname="reports.DownloadReports">
    <ignored/>
  </testcase> <!-- download_Reports_Finance_NetProfitCasino -->
  <testcase name="download_Reports_Finance_PlayerWithdrawl" time="0.0" classname="reports.DownloadReports">
    <ignored/>
  </testcase> <!-- download_Reports_Finance_PlayerWithdrawl -->
  <testcase name="download_Reports_Finance_InternalGrossProfitCasino" time="0.0" classname="reports.DownloadReports">
    <ignored/>
  </testcase> <!-- download_Reports_Finance_InternalGrossProfitCasino -->
  <testcase name="download_Reports_Finance_AccountAdjustment" time="0.0" classname="reports.DownloadReports">
    <ignored/>
  </testcase> <!-- download_Reports_Finance_AccountAdjustment -->
  <testcase name="download_Reports_Finance_PaymentMethods" time="0.0" classname="reports.DownloadReports">
    <ignored/>
  </testcase> <!-- download_Reports_Finance_PaymentMethods -->
  <testcase name="download_Reports_Finance_GrossProfitPlayers" time="0.0" classname="reports.DownloadReports">
    <ignored/>
  </testcase> <!-- download_Reports_Finance_GrossProfitPlayers -->
  <testcase name="download_Reports_Finance_PlayerDeposit" time="0.0" classname="reports.DownloadReports">
    <ignored/>
  </testcase> <!-- download_Reports_Finance_PlayerDeposit -->
  <testcase name="download_Reports_Finance_GrossProfitReport" time="0.0" classname="reports.DownloadReports">
    <ignored/>
  </testcase> <!-- download_Reports_Finance_GrossProfitReport -->
  <testcase name="download_Reports_Finance_MirroringServer" time="0.0" classname="reports.DownloadReports">
    <ignored/>
  </testcase> <!-- download_Reports_Finance_MirroringServer -->
  <testcase name="download_Reports_Finance_SafetyServer" time="0.0" classname="reports.DownloadReports">
    <ignored/>
  </testcase> <!-- download_Reports_Finance_SafetyServer -->
</testsuite> <!-- Default test -->
