<?xml version="1.0" encoding="UTF-8"?>
<testng-results skipped="0" failed="0" ignored="13" total="15" passed="2">
  <reporter-output>
  </reporter-output>
  <suite name="Default suite" duration-ms="81344" started-at="2017-06-01T13:07:33Z" finished-at="2017-06-01T13:08:55Z">
    <groups>
    </groups>
    <test name="Default test" duration-ms="81344" started-at="2017-06-01T13:07:33Z" finished-at="2017-06-01T13:08:55Z">
      <class name="reports.DownloadReports">
        <test-method status="PASS" signature="setUp()[pri:0, instance:reports.DownloadReports@66a3ffec]" name="setUp" is-config="true" duration-ms="15499" started-at="2017-06-01T18:37:33Z" finished-at="2017-06-01T18:37:49Z">
          <reporter-output>
          </reporter-output>
        </test-method> <!-- setUp -->
        <test-method status="PASS" signature="login()[pri:0, instance:reports.DownloadReports@66a3ffec]" name="login" duration-ms="33493" started-at="2017-06-01T18:37:49Z" finished-at="2017-06-01T18:38:22Z">
          <reporter-output>
          </reporter-output>
        </test-method> <!-- login -->
        <test-method status="PASS" signature="download_Reports_Finance_GameRevenueReport()[pri:1, instance:reports.DownloadReports@66a3ffec]" name="download_Reports_Finance_GameRevenueReport" duration-ms="30261" started-at="2017-06-01T18:38:22Z" finished-at="2017-06-01T18:38:53Z">
          <reporter-output>
          </reporter-output>
        </test-method> <!-- download_Reports_Finance_GameRevenueReport -->
        <test-method status="PASS" signature="tearDown()[pri:0, instance:reports.DownloadReports@66a3ffec]" name="tearDown" is-config="true" duration-ms="2066" started-at="2017-06-01T18:38:53Z" finished-at="2017-06-01T18:38:55Z">
          <reporter-output>
          </reporter-output>
        </test-method> <!-- tearDown -->
      </class> <!-- reports.DownloadReports -->
    </test> <!-- Default test -->
  </suite> <!-- Default suite -->
</testng-results>
